record my, total number of times is 1
record father, total number of times is 1
record was, total number of times is 1
record a, total number of times is 1
record self, total number of times is 1
record taught, total number of times is 1
record mandolin, total number of times is 1
record player, total number of times is 1
record he, total number of times is 1
record was, total number of times is 2
record one, total number of times is 1
record of, total number of times is 1
record the, total number of times is 1
record best, total number of times is 1
record string, total number of times is 1
record instrument, total number of times is 1
record players, total number of times is 1
record in, total number of times is 1
record our, total number of times is 1
record town, total number of times is 1
record he, total number of times is 2
record could, total number of times is 1
record not, total number of times is 1
record read, total number of times is 1
record music, total number of times is 1
record but, total number of times is 1
record if, total number of times is 1
record he, total number of times is 3
record heard, total number of times is 1
record a, total number of times is 2
record tune, total number of times is 1
record a, total number of times is 3
record few, total number of times is 1
record times, total number of times is 1
record he, total number of times is 4
record could, total number of times is 2
record play, total number of times is 1
record it, total number of times is 1
record when, total number of times is 1
record he, total number of times is 5
record was, total number of times is 3
record younger, total number of times is 1
record he, total number of times is 6
record was, total number of times is 4
record a, total number of times is 4
record member, total number of times is 1
record of, total number of times is 2
record a, total number of times is 5
record small, total number of times is 1
record country, total number of times is 1
record music, total number of times is 2
record band, total number of times is 1
record they, total number of times is 1
record would, total number of times is 1
record play, total number of times is 2
record at, total number of times is 1
record local, total number of times is 1
record dances, total number of times is 1
record and, total number of times is 1
record on, total number of times is 1
record a, total number of times is 6
record few, total number of times is 2
record occasions, total number of times is 1
record would, total number of times is 2
record play, total number of times is 3
record for, total number of times is 1
record the, total number of times is 2
record local, total number of times is 2
record radio, total number of times is 1
record station, total number of times is 1
record he, total number of times is 7
record often, total number of times is 1
record told, total number of times is 1
record us, total number of times is 1
record how, total number of times is 1
record he, total number of times is 8
record had, total number of times is 1
record auditioned, total number of times is 1
record and, total number of times is 2
record earned, total number of times is 1
record a, total number of times is 7
record position, total number of times is 1
record in, total number of times is 2
record a, total number of times is 8
record band, total number of times is 2
record that, total number of times is 1
record featured, total number of times is 1
record patsy, total number of times is 1
record cline, total number of times is 1
record as, total number of times is 1
record their, total number of times is 1
record lead, total number of times is 1
record singer, total number of times is 1
record he, total number of times is 9
record told, total number of times is 2
record the, total number of times is 3
record family, total number of times is 1
record that, total number of times is 2
record after, total number of times is 1
record he, total number of times is 10
record was, total number of times is 5
record hired, total number of times is 1
record he, total number of times is 11
record never, total number of times is 1
record went, total number of times is 1
record back, total number of times is 1
record dad, total number of times is 1
record was, total number of times is 6
record a, total number of times is 9
record very, total number of times is 1
record religious, total number of times is 1
record man, total number of times is 1
record he, total number of times is 12
record stated, total number of times is 1
record that, total number of times is 3
record there, total number of times is 1
record was, total number of times is 7
record a, total number of times is 10
record lot, total number of times is 1
record of, total number of times is 3
record drinking, total number of times is 1
record and, total number of times is 3
record cursing, total number of times is 1
record the, total number of times is 4
record day, total number of times is 1
record of, total number of times is 4
record his, total number of times is 1
record audition, total number of times is 1
record and, total number of times is 4
record he, total number of times is 13
record did, total number of times is 1
record not, total number of times is 2
record want, total number of times is 1
record to, total number of times is 1
record be, total number of times is 1
record around, total number of times is 1
record that, total number of times is 4
record type, total number of times is 1
record of, total number of times is 5
record environment, total number of times is 1
record occasionally, total number of times is 1
record dad, total number of times is 2
record would, total number of times is 3
record get, total number of times is 1
record out, total number of times is 1
record his, total number of times is 2
record mandolin, total number of times is 2
record and, total number of times is 5
record play, total number of times is 4
record for, total number of times is 2
record the, total number of times is 5
record family, total number of times is 2
record we, total number of times is 1
record three, total number of times is 1
record children, total number of times is 1
record trisha, total number of times is 1
record monte, total number of times is 1
record and, total number of times is 6
record i, total number of times is 1
record george, total number of times is 1
record jr, total number of times is 1
record would, total number of times is 4
record often, total number of times is 2
record sing, total number of times is 1
record along, total number of times is 1
record songs, total number of times is 1
record such, total number of times is 1
record as, total number of times is 2
record the, total number of times is 6
record tennessee, total number of times is 1
record waltz, total number of times is 1
record harbor, total number of times is 1
record lights, total number of times is 1
record and, total number of times is 7
record around, total number of times is 2
record christmas, total number of times is 1
record time, total number of times is 1
record the, total number of times is 7
record well, total number of times is 1
record known, total number of times is 1
record rendition, total number of times is 1
record of, total number of times is 6
record silver, total number of times is 1
record bells, total number of times is 1
record silver, total number of times is 2
record bells, total number of times is 2
record silver, total number of times is 3
record bells, total number of times is 3
record its, total number of times is 1
record christmas, total number of times is 2
record time, total number of times is 2
record in, total number of times is 3
record the, total number of times is 8
record city, total number of times is 1
record would, total number of times is 5
record ring, total number of times is 1
record throughout, total number of times is 1
record the, total number of times is 9
record house, total number of times is 1
record one, total number of times is 2
record of, total number of times is 7
record dad, total number of times is 3
record s, total number of times is 1
record favorite, total number of times is 1
record hymns, total number of times is 1
record was, total number of times is 8
record the, total number of times is 10
record old, total number of times is 1
record rugged, total number of times is 1
record cross, total number of times is 1
record we, total number of times is 2
record learned, total number of times is 1
record the, total number of times is 11
record words, total number of times is 1
record to, total number of times is 2
record the, total number of times is 12
record hymn, total number of times is 1
record when, total number of times is 2
record we, total number of times is 3
record were, total number of times is 1
record very, total number of times is 2
record young, total number of times is 1
record and, total number of times is 8
record would, total number of times is 6
record sing, total number of times is 2
record it, total number of times is 2
record with, total number of times is 1
record dad, total number of times is 4
record when, total number of times is 3
record he, total number of times is 14
record would, total number of times is 7
record play, total number of times is 5
record and, total number of times is 9
record sing, total number of times is 3
record another, total number of times is 1
record song, total number of times is 1
record that, total number of times is 5
record was, total number of times is 9
record often, total number of times is 3
record shared, total number of times is 1
record in, total number of times is 4
record our, total number of times is 2
record house, total number of times is 2
record was, total number of times is 10
record a, total number of times is 11
record song, total number of times is 2
record that, total number of times is 6
record accompanied, total number of times is 1
record the, total number of times is 13
record walt, total number of times is 1
record disney, total number of times is 1
record series, total number of times is 1
record davey, total number of times is 1
record crockett, total number of times is 1
record dad, total number of times is 5
record only, total number of times is 1
record had, total number of times is 2
record to, total number of times is 3
record hear, total number of times is 1
record the, total number of times is 14
record song, total number of times is 3
record twice, total number of times is 1
record before, total number of times is 1
record he, total number of times is 15
record learned, total number of times is 2
record it, total number of times is 3
record well, total number of times is 2
record enough, total number of times is 1
record to, total number of times is 4
record play, total number of times is 6
record it, total number of times is 4
record davey, total number of times is 2
record davey, total number of times is 3
record crockett, total number of times is 2
record king, total number of times is 1
record of, total number of times is 8
record the, total number of times is 15
record wild, total number of times is 1
record frontier, total number of times is 1
record was, total number of times is 11
record a, total number of times is 12
record favorite, total number of times is 2
record song, total number of times is 4
record for, total number of times is 3
record the, total number of times is 16
record family, total number of times is 3
record he, total number of times is 16
record knew, total number of times is 1
record we, total number of times is 4
record enjoyed, total number of times is 1
record the, total number of times is 17
record song, total number of times is 5
record and, total number of times is 10
record the, total number of times is 18
record program, total number of times is 1
record and, total number of times is 11
record would, total number of times is 8
record often, total number of times is 4
record get, total number of times is 2
record out, total number of times is 2
record the, total number of times is 19
record mandolin, total number of times is 3
record after, total number of times is 2
record the, total number of times is 20
record program, total number of times is 2
record was, total number of times is 12
record over, total number of times is 1
record i, total number of times is 2
record could, total number of times is 3
record never, total number of times is 2
record get, total number of times is 3
record over, total number of times is 2
record how, total number of times is 2
record he, total number of times is 17
record could, total number of times is 4
record play, total number of times is 7
record the, total number of times is 21
record songs, total number of times is 2
record so, total number of times is 1
record well, total number of times is 3
record after, total number of times is 3
record only, total number of times is 2
record hearing, total number of times is 1
record them, total number of times is 1
record a, total number of times is 13
record few, total number of times is 3
record times, total number of times is 2
record i, total number of times is 3
record loved, total number of times is 1
record to, total number of times is 5
record sing, total number of times is 4
record but, total number of times is 2
record i, total number of times is 4
record never, total number of times is 3
record learned, total number of times is 3
record how, total number of times is 3
record to, total number of times is 6
record play, total number of times is 8
record the, total number of times is 22
record mandolin, total number of times is 4
record this, total number of times is 1
record is, total number of times is 1
record something, total number of times is 1
record i, total number of times is 5
record regret, total number of times is 1
record to, total number of times is 7
record this, total number of times is 2
record day, total number of times is 2
record dad, total number of times is 6
record loved, total number of times is 2
record to, total number of times is 8
record play, total number of times is 9
record the, total number of times is 23
record mandolin, total number of times is 5
record for, total number of times is 4
record his, total number of times is 3
record family, total number of times is 4
record he, total number of times is 18
record knew, total number of times is 2
record we, total number of times is 5
record enjoyed, total number of times is 2
record singing, total number of times is 1
record and, total number of times is 12
record hearing, total number of times is 2
record him, total number of times is 1
record play, total number of times is 10
record he, total number of times is 19
record was, total number of times is 13
record like, total number of times is 1
record that, total number of times is 7
record if, total number of times is 2
record he, total number of times is 20
record could, total number of times is 5
record give, total number of times is 1
record pleasure, total number of times is 1
record to, total number of times is 9
record others, total number of times is 1
record he, total number of times is 21
record would, total number of times is 9
record especially, total number of times is 1
record his, total number of times is 4
record family, total number of times is 5
record he, total number of times is 22
record was, total number of times is 14
record always, total number of times is 1
record there, total number of times is 2
record sacrificing, total number of times is 1
record his, total number of times is 5
record time, total number of times is 3
record and, total number of times is 13
record efforts, total number of times is 1
record to, total number of times is 10
record see, total number of times is 1
record that, total number of times is 8
record his, total number of times is 6
record family, total number of times is 6
record had, total number of times is 3
record enough, total number of times is 2
record in, total number of times is 5
record their, total number of times is 2
record life, total number of times is 1
record i, total number of times is 6
record had, total number of times is 4
record to, total number of times is 11
record mature, total number of times is 1
record into, total number of times is 1
record a, total number of times is 14
record man, total number of times is 2
record and, total number of times is 14
record have, total number of times is 1
record children, total number of times is 2
record of, total number of times is 9
record my, total number of times is 2
record own, total number of times is 1
record before, total number of times is 2
record i, total number of times is 7
record realized, total number of times is 1
record how, total number of times is 4
record much, total number of times is 1
record he, total number of times is 23
record had, total number of times is 5
record sacrificed, total number of times is 1
record i, total number of times is 8
record joined, total number of times is 1
record the, total number of times is 24
record united, total number of times is 1
record states, total number of times is 1
record air, total number of times is 1
record force, total number of times is 1
record in, total number of times is 6
record january, total number of times is 1
record of, total number of times is 10
record whenever, total number of times is 1
record i, total number of times is 9
record would, total number of times is 10
record come, total number of times is 1
record home, total number of times is 1
record on, total number of times is 2
record leave, total number of times is 1
record i, total number of times is 10
record would, total number of times is 11
record ask, total number of times is 1
record dad, total number of times is 7
record to, total number of times is 12
record play, total number of times is 11
record the, total number of times is 25
record mandolin, total number of times is 6
record nobody, total number of times is 1
record played, total number of times is 1
record the, total number of times is 26
record mandolin, total number of times is 7
record like, total number of times is 2
record my, total number of times is 3
record father, total number of times is 2
record he, total number of times is 24
record could, total number of times is 6
record touch, total number of times is 1
record your, total number of times is 1
record soul, total number of times is 1
record with, total number of times is 2
record the, total number of times is 27
record tones, total number of times is 1
record that, total number of times is 9
record came, total number of times is 1
record out, total number of times is 3
record of, total number of times is 11
record that, total number of times is 10
record old, total number of times is 2
record mandolin, total number of times is 8
record he, total number of times is 25
record seemed, total number of times is 1
record to, total number of times is 13
record shine, total number of times is 1
record when, total number of times is 4
record he, total number of times is 26
record was, total number of times is 15
record playing, total number of times is 1
record you, total number of times is 1
record could, total number of times is 7
record see, total number of times is 2
record his, total number of times is 7
record pride, total number of times is 1
record in, total number of times is 7
record his, total number of times is 8
record ability, total number of times is 1
record to, total number of times is 14
record play, total number of times is 12
record so, total number of times is 2
record well, total number of times is 4
record for, total number of times is 5
record his, total number of times is 9
record family, total number of times is 7
record when, total number of times is 5
record dad, total number of times is 8
record was, total number of times is 16
record younger, total number of times is 2
record he, total number of times is 27
record worked, total number of times is 1
record for, total number of times is 6
record his, total number of times is 10
record father, total number of times is 3
record on, total number of times is 3
record the, total number of times is 28
record farm, total number of times is 1
record his, total number of times is 11
record father, total number of times is 4
record was, total number of times is 17
record a, total number of times is 15
record farmer, total number of times is 1
record and, total number of times is 15
record sharecropped, total number of times is 1
record a, total number of times is 16
record farm, total number of times is 2
record for, total number of times is 7
record the, total number of times is 29
record man, total number of times is 3
record who, total number of times is 1
record owned, total number of times is 1
record the, total number of times is 30
record property, total number of times is 1
record in, total number of times is 8
record our, total number of times is 3
record family, total number of times is 8
record moved, total number of times is 1
record from, total number of times is 1
record the, total number of times is 31
record farm, total number of times is 3
record dad, total number of times is 9
record had, total number of times is 6
record gained, total number of times is 1
record employment, total number of times is 1
record at, total number of times is 2
record the, total number of times is 32
record local, total number of times is 3
record limestone, total number of times is 1
record quarry, total number of times is 1
record when, total number of times is 6
record the, total number of times is 33
record quarry, total number of times is 2
record closed, total number of times is 1
record in, total number of times is 9
record august, total number of times is 1
record of, total number of times is 12
record he, total number of times is 28
record had, total number of times is 7
record to, total number of times is 15
record seek, total number of times is 1
record other, total number of times is 1
record employment, total number of times is 2
record he, total number of times is 29
record worked, total number of times is 2
record for, total number of times is 8
record owens, total number of times is 1
record yacht, total number of times is 1
record company, total number of times is 1
record in, total number of times is 10
record dundalk, total number of times is 1
record maryland, total number of times is 1
record and, total number of times is 16
record for, total number of times is 9
record todd, total number of times is 1
record steel, total number of times is 1
record in, total number of times is 11
record point, total number of times is 1
record of, total number of times is 13
record rocks, total number of times is 1
record maryland, total number of times is 2
record while, total number of times is 1
record working, total number of times is 1
record at, total number of times is 3
record todd, total number of times is 2
record steel, total number of times is 2
record he, total number of times is 30
record was, total number of times is 18
record involved, total number of times is 1
record in, total number of times is 12
record an, total number of times is 1
record accident, total number of times is 1
record his, total number of times is 12
record job, total number of times is 1
record was, total number of times is 19
record to, total number of times is 16
record roll, total number of times is 1
record angle, total number of times is 1
record iron, total number of times is 1
record onto, total number of times is 1
record a, total number of times is 17
record conveyor, total number of times is 1
record so, total number of times is 3
record that, total number of times is 11
record the, total number of times is 34
record welders, total number of times is 1
record farther, total number of times is 1
record up, total number of times is 1
record the, total number of times is 35
record production, total number of times is 1
record line, total number of times is 1
record would, total number of times is 12
record have, total number of times is 2
record it, total number of times is 5
record to, total number of times is 17
record complete, total number of times is 1
record their, total number of times is 3
record job, total number of times is 2
record on, total number of times is 4
record this, total number of times is 3
record particular, total number of times is 1
record day, total number of times is 3
record dad, total number of times is 10
record got, total number of times is 1
record the, total number of times is 36
record third, total number of times is 1
record index, total number of times is 1
record finger, total number of times is 1
record of, total number of times is 14
record his, total number of times is 13
record left, total number of times is 1
record hand, total number of times is 1
record mashed, total number of times is 1
record between, total number of times is 1
record two, total number of times is 1
record pieces, total number of times is 1
record of, total number of times is 15
record steel, total number of times is 3
record the, total number of times is 37
record doctor, total number of times is 1
record who, total number of times is 2
record operated, total number of times is 1
record on, total number of times is 5
record the, total number of times is 38
record finger, total number of times is 2
record could, total number of times is 8
record not, total number of times is 3
record save, total number of times is 1
record it, total number of times is 6
record and, total number of times is 17
record dad, total number of times is 11
record ended, total number of times is 1
record up, total number of times is 2
record having, total number of times is 1
record the, total number of times is 39
record tip, total number of times is 1
record of, total number of times is 16
record the, total number of times is 40
record finger, total number of times is 3
record amputated, total number of times is 1
record he, total number of times is 31
record didn, total number of times is 1
record t, total number of times is 1
record lose, total number of times is 1
record enough, total number of times is 3
record of, total number of times is 17
record the, total number of times is 41
record finger, total number of times is 4
record where, total number of times is 1
record it, total number of times is 7
record would, total number of times is 13
record stop, total number of times is 1
record him, total number of times is 2
record picking, total number of times is 1
record up, total number of times is 3
record anything, total number of times is 1
record but, total number of times is 3
record it, total number of times is 8
record did, total number of times is 2
record impact, total number of times is 1
record his, total number of times is 14
record ability, total number of times is 2
record to, total number of times is 18
record play, total number of times is 13
record the, total number of times is 42
record mandolin, total number of times is 9
record after, total number of times is 4
record the, total number of times is 43
record accident, total number of times is 2
record dad, total number of times is 12
record was, total number of times is 20
record reluctant, total number of times is 1
record to, total number of times is 19
record play, total number of times is 14
record the, total number of times is 44
record mandolin, total number of times is 10
record he, total number of times is 32
record felt, total number of times is 1
record that, total number of times is 12
record he, total number of times is 33
record could, total number of times is 9
record not, total number of times is 4
record play, total number of times is 15
record as, total number of times is 3
record well, total number of times is 5
record as, total number of times is 4
record he, total number of times is 34
record had, total number of times is 8
record before, total number of times is 3
record the, total number of times is 45
record accident, total number of times is 3
record when, total number of times is 7
record i, total number of times is 11
record came, total number of times is 2
record home, total number of times is 2
record on, total number of times is 6
record leave, total number of times is 2
record and, total number of times is 18
record asked, total number of times is 1
record him, total number of times is 3
record to, total number of times is 20
record play, total number of times is 16
record he, total number of times is 35
record would, total number of times is 14
record make, total number of times is 1
record excuses, total number of times is 1
record for, total number of times is 10
record why, total number of times is 1
record he, total number of times is 36
record couldn, total number of times is 1
record t, total number of times is 2
record play, total number of times is 17
record eventually, total number of times is 1
record we, total number of times is 6
record would, total number of times is 15
record wear, total number of times is 1
record him, total number of times is 4
record down, total number of times is 1
record and, total number of times is 19
record he, total number of times is 37
record would, total number of times is 16
record say, total number of times is 1
record okay, total number of times is 1
record but, total number of times is 4
record remember, total number of times is 1
record i, total number of times is 12
record can, total number of times is 1
record t, total number of times is 3
record hold, total number of times is 1
record down, total number of times is 2
record on, total number of times is 7
record the, total number of times is 46
record strings, total number of times is 1
record the, total number of times is 47
record way, total number of times is 1
record i, total number of times is 13
record used, total number of times is 1
record to, total number of times is 21
record or, total number of times is 1
record since, total number of times is 1
record the, total number of times is 48
record accident, total number of times is 4
record to, total number of times is 22
record this, total number of times is 4
record finger, total number of times is 5
record i, total number of times is 14
record can, total number of times is 2
record t, total number of times is 4
record play, total number of times is 18
record as, total number of times is 5
record good, total number of times is 1
record for, total number of times is 11
record the, total number of times is 49
record family, total number of times is 9
record it, total number of times is 9
record didn, total number of times is 2
record t, total number of times is 5
record make, total number of times is 2
record any, total number of times is 1
record difference, total number of times is 1
record that, total number of times is 13
record dad, total number of times is 13
record couldn, total number of times is 2
record t, total number of times is 6
record play, total number of times is 19
record as, total number of times is 6
record well, total number of times is 6
record we, total number of times is 7
record were, total number of times is 2
record just, total number of times is 1
record glad, total number of times is 1
record that, total number of times is 14
record he, total number of times is 38
record would, total number of times is 17
record play, total number of times is 20
record when, total number of times is 8
record he, total number of times is 39
record played, total number of times is 2
record the, total number of times is 50
record old, total number of times is 3
record mandolin, total number of times is 11
record it, total number of times is 10
record would, total number of times is 18
record carry, total number of times is 1
record us, total number of times is 2
record back, total number of times is 2
record to, total number of times is 23
record a, total number of times is 18
record cheerful, total number of times is 1
record happier, total number of times is 1
record time, total number of times is 4
record in, total number of times is 13
record our, total number of times is 4
record lives, total number of times is 1
record davey, total number of times is 4
record davey, total number of times is 5
record crockett, total number of times is 3
record king, total number of times is 2
record of, total number of times is 18
record the, total number of times is 51
record wild, total number of times is 2
record frontier, total number of times is 2
record would, total number of times is 19
record again, total number of times is 1
record be, total number of times is 2
record heard, total number of times is 2
record in, total number of times is 14
record the, total number of times is 52
record little, total number of times is 1
record town, total number of times is 2
record of, total number of times is 19
record bakerton, total number of times is 1
record west, total number of times is 1
record virginia, total number of times is 1
record in, total number of times is 15
record august, total number of times is 2
record of, total number of times is 20
record my, total number of times is 4
record father, total number of times is 5
record was, total number of times is 21
record diagnosed, total number of times is 1
record with, total number of times is 3
record inoperable, total number of times is 1
record lung, total number of times is 1
record cancer, total number of times is 1
record he, total number of times is 40
record chose, total number of times is 1
record not, total number of times is 5
record to, total number of times is 24
record receive, total number of times is 1
record chemotherapy, total number of times is 1
record treatments, total number of times is 1
record so, total number of times is 4
record that, total number of times is 15
record he, total number of times is 41
record could, total number of times is 10
record live, total number of times is 1
record out, total number of times is 4
record the, total number of times is 53
record rest, total number of times is 1
record of, total number of times is 21
record his, total number of times is 15
record life, total number of times is 2
record in, total number of times is 16
record dignity, total number of times is 1
record about, total number of times is 1
record a, total number of times is 19
record week, total number of times is 1
record before, total number of times is 4
record his, total number of times is 16
record death, total number of times is 1
record we, total number of times is 8
record asked, total number of times is 2
record dad, total number of times is 14
record if, total number of times is 3
record he, total number of times is 42
record would, total number of times is 20
record play, total number of times is 21
record the, total number of times is 54
record mandolin, total number of times is 12
record for, total number of times is 12
record us, total number of times is 3
record he, total number of times is 43
record made, total number of times is 1
record excuses, total number of times is 2
record but, total number of times is 5
record said, total number of times is 1
record okay, total number of times is 2
record he, total number of times is 44
record knew, total number of times is 3
record it, total number of times is 11
record would, total number of times is 21
record probably, total number of times is 1
record be, total number of times is 3
record the, total number of times is 55
record last, total number of times is 1
record time, total number of times is 5
record he, total number of times is 45
record would, total number of times is 22
record play, total number of times is 22
record for, total number of times is 13
record us, total number of times is 4
record he, total number of times is 46
record tuned, total number of times is 1
record up, total number of times is 4
record the, total number of times is 56
record old, total number of times is 4
record mandolin, total number of times is 13
record and, total number of times is 20
record played, total number of times is 3
record a, total number of times is 20
record few, total number of times is 4
record notes, total number of times is 1
record when, total number of times is 9
record i, total number of times is 15
record looked, total number of times is 1
record around, total number of times is 3
record there, total number of times is 3
record was, total number of times is 22
record not, total number of times is 6
record a, total number of times is 21
record dry, total number of times is 1
record eye, total number of times is 1
record in, total number of times is 17
record the, total number of times is 57
record family, total number of times is 10
record we, total number of times is 9
record saw, total number of times is 1
record before, total number of times is 5
record us, total number of times is 5
record a, total number of times is 22
record quiet, total number of times is 1
record humble, total number of times is 1
record man, total number of times is 4
record with, total number of times is 4
record an, total number of times is 2
record inner, total number of times is 1
record strength, total number of times is 1
record that, total number of times is 16
record comes, total number of times is 1
record from, total number of times is 2
record knowing, total number of times is 1
record god, total number of times is 1
record and, total number of times is 21
record living, total number of times is 1
record with, total number of times is 5
record him, total number of times is 5
record in, total number of times is 18
record one, total number of times is 3
record s, total number of times is 2
record life, total number of times is 3
record dad, total number of times is 15
record would, total number of times is 23
record never, total number of times is 4
record play, total number of times is 23
record the, total number of times is 58
record mandolin, total number of times is 14
record for, total number of times is 14
record us, total number of times is 6
record again, total number of times is 2
record we, total number of times is 10
record felt, total number of times is 2
record at, total number of times is 4
record the, total number of times is 59
record time, total number of times is 6
record that, total number of times is 17
record he, total number of times is 47
record wouldn, total number of times is 1
record t, total number of times is 7
record have, total number of times is 3
record enough, total number of times is 4
record strength, total number of times is 2
record to, total number of times is 25
record play, total number of times is 24
record and, total number of times is 22
record that, total number of times is 18
record makes, total number of times is 1
record the, total number of times is 60
record memory, total number of times is 1
record of, total number of times is 22
record that, total number of times is 19
record day, total number of times is 4
record even, total number of times is 1
record stronger, total number of times is 1
record dad, total number of times is 16
record was, total number of times is 23
record doing, total number of times is 1
record something, total number of times is 2
record he, total number of times is 48
record had, total number of times is 9
record done, total number of times is 1
record all, total number of times is 1
record his, total number of times is 17
record life, total number of times is 4
record giving, total number of times is 1
record as, total number of times is 7
record sick, total number of times is 1
record as, total number of times is 8
record he, total number of times is 49
record was, total number of times is 24
record he, total number of times is 50
record was, total number of times is 25
record still, total number of times is 1
record pleasing, total number of times is 1
record others, total number of times is 2
record dad, total number of times is 17
record sure, total number of times is 1
record could, total number of times is 11
record play, total number of times is 25
record that, total number of times is 20
record mandolin, total number of times is 15
